kotlin version: 2.1.0
error message: org.jetbrains.kotlin.backend.common.BackendException: Backend Internal error: Exception during IR lowering
File being compiled: C:/Users/KKU650001/AndroidStudioProjects/ProjectFINANZLE/app/src/main/java/com/example/projectfinanzle/HistoryPieChart.kt
The root cause java.lang.RuntimeException was thrown at: org.jetbrains.kotlin.backend.jvm.codegen.FunctionCodegen.generate(FunctionCodegen.kt:48)
	at org.jetbrains.kotlin.backend.common.CodegenUtil.reportBackendException(CodegenUtil.kt:253)
	at org.jetbrains.kotlin.backend.common.CodegenUtil.reportBackendException$default(CodegenUtil.kt:236)
	at org.jetbrains.kotlin.backend.common.phaser.PerformByIrFilePhase.invokeSequential(performByIrFile.kt:55)
	at org.jetbrains.kotlin.backend.common.phaser.PerformByIrFilePhase.invoke(performByIrFile.kt:42)
	at org.jetbrains.kotlin.backend.common.phaser.PerformByIrFilePhase.invoke(performByIrFile.kt:28)
	at org.jetbrains.kotlin.backend.common.phaser.NamedCompilerPhase.phaseBody(CompilerPhase.kt:166)
	at org.jetbrains.kotlin.backend.common.phaser.AbstractNamedCompilerPhase.invoke(CompilerPhase.kt:113)
	at org.jetbrains.kotlin.backend.common.phaser.CompositePhase.invoke(PhaseBuilders.kt:27)
	at org.jetbrains.kotlin.backend.common.phaser.CompositePhase.invoke(PhaseBuilders.kt:14)
	at org.jetbrains.kotlin.backend.common.phaser.NamedCompilerPhase.phaseBody(CompilerPhase.kt:166)
	at org.jetbrains.kotlin.backend.common.phaser.AbstractNamedCompilerPhase.invoke(CompilerPhase.kt:113)
	at org.jetbrains.kotlin.backend.common.phaser.CompilerPhaseKt.invokeToplevel(CompilerPhase.kt:62)
	at org.jetbrains.kotlin.backend.jvm.JvmIrCodegenFactory.invokeCodegen(JvmIrCodegenFactory.kt:371)
	at org.jetbrains.kotlin.codegen.CodegenFactory.generateModule(CodegenFactory.kt:47)
	at org.jetbrains.kotlin.backend.jvm.JvmIrCodegenFactory.generateModuleInFrontendIRMode(JvmIrCodegenFactory.kt:433)
	at org.jetbrains.kotlin.cli.jvm.compiler.pipeline.JvmCompilerPipelineKt.generateCodeFromIr(jvmCompilerPipeline.kt:192)
	at org.jetbrains.kotlin.cli.jvm.compiler.pipeline.JvmCompilerPipelineKt.runBackend(jvmCompilerPipeline.kt:80)
	at org.jetbrains.kotlin.cli.jvm.compiler.pipeline.JvmCompilerPipelineLightTreeKt.compileModule(jvmCompilerPipelineLightTree.kt:264)
	at org.jetbrains.kotlin.cli.jvm.compiler.pipeline.JvmCompilerPipelineLightTreeKt.compileSingleModuleUsingFrontendIrAndLightTree(jvmCompilerPipelineLightTree.kt:231)
	at org.jetbrains.kotlin.cli.jvm.compiler.pipeline.JvmCompilerPipelineLightTreeKt.compileModulesUsingFrontendIrAndLightTree(jvmCompilerPipelineLightTree.kt:86)
	at org.jetbrains.kotlin.cli.jvm.K2JVMCompiler.doExecute(K2JVMCompiler.kt:146)
	at org.jetbrains.kotlin.cli.jvm.K2JVMCompiler.doExecute(K2JVMCompiler.kt:43)
	at org.jetbrains.kotlin.cli.common.CLICompiler.execImpl(CLICompiler.kt:102)
	at org.jetbrains.kotlin.cli.common.CLICompiler.exec(CLICompiler.kt:316)
	at org.jetbrains.kotlin.incremental.IncrementalJvmCompilerRunner.runCompiler(IncrementalJvmCompilerRunner.kt:464)
	at org.jetbrains.kotlin.incremental.IncrementalJvmCompilerRunner.runCompiler(IncrementalJvmCompilerRunner.kt:73)
	at org.jetbrains.kotlin.incremental.IncrementalCompilerRunner.doCompile(IncrementalCompilerRunner.kt:506)
	at org.jetbrains.kotlin.incremental.IncrementalCompilerRunner.compileImpl(IncrementalCompilerRunner.kt:423)
	at org.jetbrains.kotlin.incremental.IncrementalCompilerRunner.compileNonIncrementally(IncrementalCompilerRunner.kt:301)
	at org.jetbrains.kotlin.incremental.IncrementalCompilerRunner.compile(IncrementalCompilerRunner.kt:129)
	at org.jetbrains.kotlin.daemon.CompileServiceImplBase.execIncrementalCompiler(CompileServiceImpl.kt:674)
	at org.jetbrains.kotlin.daemon.CompileServiceImplBase.access$execIncrementalCompiler(CompileServiceImpl.kt:91)
	at org.jetbrains.kotlin.daemon.CompileServiceImpl.compile(CompileServiceImpl.kt:1659)
	at java.base/jdk.internal.reflect.DirectMethodHandleAccessor.invoke(Unknown Source)
	at java.base/java.lang.reflect.Method.invoke(Unknown Source)
	at java.rmi/sun.rmi.server.UnicastServerRef.dispatch(Unknown Source)
	at java.rmi/sun.rmi.transport.Transport$1.run(Unknown Source)
	at java.rmi/sun.rmi.transport.Transport$1.run(Unknown Source)
	at java.base/java.security.AccessController.doPrivileged(Unknown Source)
	at java.rmi/sun.rmi.transport.Transport.serviceCall(Unknown Source)
	at java.rmi/sun.rmi.transport.tcp.TCPTransport.handleMessages(Unknown Source)
	at java.rmi/sun.rmi.transport.tcp.TCPTransport$ConnectionHandler.run0(Unknown Source)
	at java.rmi/sun.rmi.transport.tcp.TCPTransport$ConnectionHandler.lambda$run$0(Unknown Source)
	at java.base/java.security.AccessController.doPrivileged(Unknown Source)
	at java.rmi/sun.rmi.transport.tcp.TCPTransport$ConnectionHandler.run(Unknown Source)
	at java.base/java.util.concurrent.ThreadPoolExecutor.runWorker(Unknown Source)
	at java.base/java.util.concurrent.ThreadPoolExecutor$Worker.run(Unknown Source)
	at java.base/java.lang.Thread.run(Unknown Source)
Caused by: java.lang.RuntimeException: Exception while generating code for:
FUN name:FirebasePieChart visibility:public modality:FINAL <> () returnType:kotlin.Unit
  annotations:
    Composable
  BLOCK_BODY
    VAR name:database type:com.google.firebase.database.DatabaseReference [val]
      BLOCK type=com.google.firebase.database.DatabaseReference origin=null
        VAR IR_TEMPORARY_VARIABLE name:tmp0 type:kotlin.Any? [val]
          CALL 'public open fun getReference (p0: @[EnhancedNullability] kotlin.String): @[EnhancedNullability] com.google.firebase.database.DatabaseReference declared in com.google.firebase.database.FirebaseDatabase' type=@[EnhancedNullability] com.google.firebase.database.DatabaseReference origin=null
            $this: CALL 'public open fun getInstance (): @[EnhancedNullability] com.google.firebase.database.FirebaseDatabase declared in com.google.firebase.database.FirebaseDatabase' type=@[EnhancedNullability] com.google.firebase.database.FirebaseDatabase origin=null
            p0: CONST String type=kotlin.String value="users"
        CALL 'public final fun checkNotNullExpressionValue (value: kotlin.Any?, expression: kotlin.String): kotlin.Unit declared in kotlin.jvm.internal.Intrinsics' type=kotlin.Unit origin=null
          value: GET_VAR 'val tmp0: kotlin.Any? [val] declared in com.example.projectfinanzle.History.HistoryPieChartKt.FirebasePieChart' type=kotlin.Any? origin=null
          expression: CONST String type=kotlin.String value="getReference(...)"
        GET_VAR 'val tmp0: kotlin.Any? [val] declared in com.example.projectfinanzle.History.HistoryPieChartKt.FirebasePieChart' type=kotlin.Any? origin=null
    VAR name:userId type:kotlin.String [val]
      CONST String type=kotlin.String value="user_id_example"
    VAR name:data type:androidx.compose.runtime.MutableState<kotlin.collections.Map<kotlin.String, kotlin.Int>> [val]
      CALL 'public final fun remember <T> (calculation: @[DisallowComposableCalls] kotlin.Function0<T of androidx.compose.runtime.ComposablesKt.remember>): T of androidx.compose.runtime.ComposablesKt.remember [inline] declared in androidx.compose.runtime.ComposablesKt' type=androidx.compose.runtime.MutableState<kotlin.collections.Map<kotlin.String, kotlin.Int>> origin=null
        <T>: androidx.compose.runtime.MutableState<kotlin.collections.Map<kotlin.String, kotlin.Int>>
        calculation: BLOCK type=kotlin.Function0<androidx.compose.runtime.MutableState<kotlin.collections.Map<kotlin.String, kotlin.Int>>> origin=LAMBDA
          COMPOSITE type=kotlin.Unit origin=null
          FUNCTION_REFERENCE 'private final fun FirebasePieChart$lambda$0 (): androidx.compose.runtime.MutableState<kotlin.collections.Map<kotlin.String, kotlin.Int>> declared in com.example.projectfinanzle.History.HistoryPieChartKt' type=kotlin.Function0<androidx.compose.runtime.MutableState<kotlin.collections.Map<kotlin.String, kotlin.Int>>> origin=INLINE_LAMBDA reflectionTarget=null
    VAR name:colors type:kotlin.collections.List<androidx.compose.ui.graphics.Color> [val]
      CALL 'public final fun listOf <T> (vararg elements: T of kotlin.collections.CollectionsKt.listOf): kotlin.collections.List<T of kotlin.collections.CollectionsKt.listOf> declared in kotlin.collections.CollectionsKt' type=kotlin.collections.List<androidx.compose.ui.graphics.Color> origin=null
        <T>: androidx.compose.ui.graphics.Color
        elements: BLOCK type=kotlin.Array<out androidx.compose.ui.graphics.Color> origin=null
          VAR IR_TEMPORARY_VARIABLE name:tmp0 type:kotlin.Array<out androidx.compose.ui.graphics.Color> [val]
            CALL 'public final fun arrayOfNulls <T> (size: kotlin.Int): kotlin.Array<T of kotlin.arrayOfNulls?> declared in kotlin' type=kotlin.Array<out androidx.compose.ui.graphics.Color> origin=null
              <T>: androidx.compose.ui.graphics.Color
              size: CONST Int type=kotlin.Int value=5
          CALL 'public final fun set (index: kotlin.Int, value: T of kotlin.Array): kotlin.Unit [operator] declared in kotlin.Array' type=kotlin.Unit origin=null
            $this: GET_VAR 'val tmp0: kotlin.Array<out androidx.compose.ui.graphics.Color> [val] declared in com.example.projectfinanzle.History.HistoryPieChartKt.FirebasePieChart' type=kotlin.Array<out androidx.compose.ui.graphics.Color> origin=null
            index: CONST Int type=kotlin.Int value=0
            value: CALL 'public final fun getRed-0d7_KjU (): androidx.compose.ui.graphics.Color declared in androidx.compose.ui.graphics.Color.Companion' type=androidx.compose.ui.graphics.Color origin=GET_PROPERTY
              $this: GET_FIELD 'FIELD FIELD_FOR_OBJECT_INSTANCE name:Companion type:androidx.compose.ui.graphics.Color.Companion visibility:public [final,static] declared in androidx.compose.ui.graphics.Color' type=androidx.compose.ui.graphics.Color.Companion origin=null
          CALL 'public final fun set (index: kotlin.Int, value: T of kotlin.Array): kotlin.Unit [operator] declared in kotlin.Array' type=kotlin.Unit origin=null
            $this: GET_VAR 'val tmp0: kotlin.Array<out androidx.compose.ui.graphics.Color> [val] declared in com.example.projectfinanzle.History.HistoryPieChartKt.FirebasePieChart' type=kotlin.Array<out androidx.compose.ui.graphics.Color> origin=null
            index: CONST Int type=kotlin.Int value=1
            value: CALL 'public final fun getGreen-0d7_KjU (): androidx.compose.ui.graphics.Color declared in androidx.compose.ui.graphics.Color.Companion' type=androidx.compose.ui.graphics.Color origin=GET_PROPERTY
              $this: GET_FIELD 'FIELD FIELD_FOR_OBJECT_INSTANCE name:Companion type:androidx.compose.ui.graphics.Color.Companion visibility:public [final,static] declared in androidx.compose.ui.graphics.Color' type=androidx.compose.ui.graphics.Color.Companion origin=null
          CALL 'public final fun set (index: kotlin.Int, value: T of kotlin.Array): kotlin.Unit [operator] declared in kotlin.Array' type=kotlin.Unit origin=null
            $this: GET_VAR 'val tmp0: kotlin.Array<out androidx.compose.ui.graphics.Color> [val] declared in com.example.projectfinanzle.History.HistoryPieChartKt.FirebasePieChart' type=kotlin.Array<out androidx.compose.ui.graphics.Color> origin=null
            index: CONST Int type=kotlin.Int value=2
            value: CALL 'public final fun getBlue-0d7_KjU (): androidx.compose.ui.graphics.Color declared in androidx.compose.ui.graphics.Color.Companion' type=androidx.compose.ui.graphics.Color origin=GET_PROPERTY
              $this: GET_FIELD 'FIELD FIELD_FOR_OBJECT_INSTANCE name:Companion type:androidx.compose.ui.graphics.Color.Companion visibility:public [final,static] declared in androidx.compose.ui.graphics.Color' type=androidx.compose.ui.graphics.Color.Companion origin=null
          CALL 'public final fun set (index: kotlin.Int, value: T of kotlin.Array): kotlin.Unit [operator] declared in kotlin.Array' type=kotlin.Unit origin=null
            $this: GET_VAR 'val tmp0: kotlin.Array<out androidx.compose.ui.graphics.Color> [val] declared in com.example.projectfinanzle.History.HistoryPieChartKt.FirebasePieChart' type=kotlin.Array<out androidx.compose.ui.graphics.Color> origin=null
            index: CONST Int type=kotlin.Int value=3
            value: CALL 'public final fun getYellow-0d7_KjU (): androidx.compose.ui.graphics.Color declared in androidx.compose.ui.graphics.Color.Companion' type=androidx.compose.ui.graphics.Color origin=GET_PROPERTY
              $this: GET_FIELD 'FIELD FIELD_FOR_OBJECT_INSTANCE name:Companion type:androidx.compose.ui.graphics.Color.Companion visibility:public [final,static] declared in androidx.compose.ui.graphics.Color' type=androidx.compose.ui.graphics.Color.Companion origin=null
          CALL 'public final fun set (index: kotlin.Int, value: T of kotlin.Array): kotlin.Unit [operator] declared in kotlin.Array' type=kotlin.Unit origin=null
            $this: GET_VAR 'val tmp0: kotlin.Array<out androidx.compose.ui.graphics.Color> [val] declared in com.example.projectfinanzle.History.HistoryPieChartKt.FirebasePieChart' type=kotlin.Array<out androidx.compose.ui.graphics.Color> origin=null
            index: CONST Int type=kotlin.Int value=4
            value: CALL 'public final fun getCyan-0d7_KjU (): androidx.compose.ui.graphics.Color declared in androidx.compose.ui.graphics.Color.Companion' type=androidx.compose.ui.graphics.Color origin=GET_PROPERTY
              $this: GET_FIELD 'FIELD FIELD_FOR_OBJECT_INSTANCE name:Companion type:androidx.compose.ui.graphics.Color.Companion visibility:public [final,static] declared in androidx.compose.ui.graphics.Color' type=androidx.compose.ui.graphics.Color.Companion origin=null
          GET_VAR 'val tmp0: kotlin.Array<out androidx.compose.ui.graphics.Color> [val] declared in com.example.projectfinanzle.History.HistoryPieChartKt.FirebasePieChart' type=kotlin.Array<out androidx.compose.ui.graphics.Color> origin=null
    CALL 'public final fun LaunchedEffect (key1: kotlin.Any?, block: @[ExtensionFunctionType] kotlin.coroutines.SuspendFunction1<kotlinx.coroutines.CoroutineScope, kotlin.Unit>): kotlin.Unit declared in androidx.compose.runtime.EffectsKt' type=kotlin.Unit origin=null
      key1: GET_VAR 'val userId: kotlin.String [val] declared in com.example.projectfinanzle.History.HistoryPieChartKt.FirebasePieChart' type=kotlin.String origin=null
      block: BLOCK type=com.example.projectfinanzle.History.HistoryPieChartKt.FirebasePieChart.<no name provided> origin=null
        CLASS SUSPEND_LAMBDA CLASS name:<no name provided> modality:FINAL visibility:public/*package*/ superTypes:[kotlin.coroutines.jvm.internal.SuspendLambda; kotlin.jvm.functions.Function2<kotlinx.coroutines.CoroutineScope, kotlin.coroutines.Continuation<kotlin.Unit>?, kotlin.Any?>]
          $this: VALUE_PARAMETER INSTANCE_RECEIVER name:<this> type:com.example.projectfinanzle.History.HistoryPieChartKt.FirebasePieChart.<no name provided>
          FIELD name:label type:kotlin.Int visibility:public/*package*/
          CONSTRUCTOR SUSPEND_LAMBDA visibility:public/*package*/ <> ($database:com.google.firebase.database.DatabaseReference, $userId:kotlin.String, $data:androidx.compose.runtime.MutableState<kotlin.collections.Map<kotlin.String, kotlin.Int>>, $completion:kotlin.coroutines.Continuation<com.example.projectfinanzle.History.HistoryPieChartKt.FirebasePieChart.<no name provided>>?) returnType:com.example.projectfinanzle.History.HistoryPieChartKt.FirebasePieChart.<no name provided> [primary]
            VALUE_PARAMETER BOUND_VALUE_PARAMETER name:$database index:0 type:com.google.firebase.database.DatabaseReference
            VALUE_PARAMETER BOUND_VALUE_PARAMETER name:$userId index:1 type:kotlin.String
            VALUE_PARAMETER BOUND_VALUE_PARAMETER name:$data index:2 type:androidx.compose.runtime.MutableState<kotlin.collections.Map<kotlin.String, kotlin.Int>>
            VALUE_PARAMETER name:$completion index:3 type:kotlin.coroutines.Continuation<com.example.projectfinanzle.History.HistoryPieChartKt.FirebasePieChart.<no name provided>>?
            BLOCK_BODY
              SET_FIELD 'FIELD FIELD_FOR_CAPTURED_VALUE name:$database type:com.google.firebase.database.DatabaseReference visibility:public/*package*/ [final] declared in com.example.projectfinanzle.History.HistoryPieChartKt.FirebasePieChart.<no name provided>' type=kotlin.Unit origin=INITIALIZER_OF_FIELD_FOR_CAPTURED_VALUE
                receiver: GET_VAR '<this>: com.example.projectfinanzle.History.HistoryPieChartKt.FirebasePieChart.<no name provided> declared in com.example.projectfinanzle.History.HistoryPieChartKt.FirebasePieChart.<no name provided>' type=com.example.projectfinanzle.History.HistoryPieChartKt.FirebasePieChart.<no name provided> origin=null
                value: GET_VAR '$database: com.google.firebase.database.DatabaseReference declared in com.example.projectfinanzle.History.HistoryPieChartKt.FirebasePieChart.<no name provided>.<init>' type=com.google.firebase.database.DatabaseReference origin=null
              SET_FIELD 'FIELD FIELD_FOR_CAPTURED_VALUE name:$userId type:kotlin.String visibility:public/*package*/ [final] declared in com.example.projectfinanzle.History.HistoryPieChartKt.FirebasePieChart.<no name provided>' type=kotlin.Unit origin=INITIALIZER_OF_FIELD_FOR_CAPTURED_VALUE
                receiver: GET_VAR '<this>: com.example.projectfinanzle.History.HistoryPieChartKt.FirebasePieChart.<no name provided> declared in com.example.projectfinanzle.History.HistoryPieChartKt.FirebasePieChart.<no name provided>' type=com.example.projectfinanzle.History.HistoryPieChartKt.FirebasePieChart.<no name provided> origin=null
                value: GET_VAR '$userId: kotlin.String declared in com.example.projectfinanzle.History.HistoryPieChartKt.FirebasePieChart.<no name provided>.<init>' type=kotlin.String origin=null
              SET_FIELD 'FIELD FIELD_FOR_CAPTURED_VALUE name:$data type:androidx.compose.runtime.MutableState<kotlin.collections.Map<kotlin.String, kotlin.Int>> visibility:public/*package*/ [final] declared in com.example.projectfinanzle.History.HistoryPieChartKt.FirebasePieChart.<no name provided>' type=kotlin.Unit origin=INITIALIZER_OF_FIELD_FOR_CAPTURED_VALUE
                receiver: GET_VAR '<this>: com.example.projectfinanzle.History.HistoryPieChartKt.FirebasePieChart.<no name provided> declared in com.example.projectfinanzle.History.HistoryPieChartKt.FirebasePieChart.<no name provided>' type=com.example.projectfinanzle.History.HistoryPieChartKt.FirebasePieChart.<no name provided> origin=null
                value: GET_VAR '$data: androidx.compose.runtime.MutableState<kotlin.collections.Map<kotlin.String, kotlin.Int>> declared in com.example.projectfinanzle.History.HistoryPieChartKt.FirebasePieChart.<no name provided>.<init>' type=androidx.compose.runtime.MutableState<kotlin.collections.Map<kotlin.String, kotlin.Int>> origin=null
              DELEGATING_CONSTRUCTOR_CALL 'public constructor <init> (arity: kotlin.Int, $completion: kotlin.coroutines.Continuation<kotlin.Any?>?) declared in kotlin.coroutines.jvm.internal.SuspendLambda'
                arity: CONST Int type=kotlin.Int value=2
                $completion: GET_VAR '$completion: kotlin.coroutines.Continuation<com.example.projectfinanzle.History.HistoryPieChartKt.FirebasePieChart.<no name provided>>? declared in com.example.projectfinanzle.History.HistoryPieChartKt.FirebasePieChart.<no name provided>.<init>' type=kotlin.coroutines.Continuation<com.example.projectfinanzle.History.HistoryPieChartKt.FirebasePieChart.<no name provided>>? origin=null
              BLOCK type=kotlin.Unit origin=null
          FUN name:invokeSuspend visibility:public modality:FINAL <> ($this:com.example.projectfinanzle.History.HistoryPieChartKt.FirebasePieChart.<no name provided>, $result:kotlin.Result<kotlin.Any?>) returnType:kotlin.Any?
            overridden:
              protected abstract fun invokeSuspend ($result: kotlin.Result<kotlin.Any?>): kotlin.Any? declared in kotlin.coroutines.jvm.internal.SuspendLambda
            $this: VALUE_PARAMETER INSTANCE_RECEIVER name:<this> type:com.example.projectfinanzle.History.HistoryPieChartKt.FirebasePieChart.<no name provided>
            VALUE_PARAMETER name:$result index:0 type:kotlin.Result<kotlin.Any?>
            BLOCK_BODY
              CALL 'public open fun addListenerForSingleValueEvent (p0: @[EnhancedNullability] com.google.firebase.database.ValueEventListener): kotlin.Unit [fake_override] declared in com.google.firebase.database.DatabaseReference' type=kotlin.Unit origin=null
                $this: CALL 'public open fun child (p0: @[EnhancedNullability] kotlin.String): @[EnhancedNullability] com.google.firebase.database.DatabaseReference declared in com.google.firebase.database.DatabaseReference' type=@[EnhancedNullability] com.google.firebase.database.DatabaseReference origin=null
                  $this: CALL 'public open fun child (p0: @[EnhancedNullability] kotlin.String): @[EnhancedNullability] com.google.firebase.database.DatabaseReference declared in com.google.firebase.database.DatabaseReference' type=@[EnhancedNullability] com.google.firebase.database.DatabaseReference origin=null
                    $this: GET_FIELD 'FIELD FIELD_FOR_CAPTURED_VALUE name:$database type:com.google.firebase.database.DatabaseReference visibility:public/*package*/ [final] declared in com.example.projectfinanzle.History.HistoryPieChartKt.FirebasePieChart.<no name provided>' type=com.google.firebase.database.DatabaseReference origin=null
                      receiver: GET_VAR '<this>: com.example.projectfinanzle.History.HistoryPieChartKt.FirebasePieChart.<no name provided> declared in com.example.projectfinanzle.History.HistoryPieChartKt.FirebasePieChart.<no name provided>.invokeSuspend' type=com.example.projectfinanzle.History.HistoryPieChartKt.FirebasePieChart.<no name provided> origin=null
                    p0: GET_FIELD 'FIELD FIELD_FOR_CAPTURED_VALUE name:$userId type:kotlin.String visibility:public/*package*/ [final] declared in com.example.projectfinanzle.History.HistoryPieChartKt.FirebasePieChart.<no name provided>' type=kotlin.String origin=null
                      receiver: GET_VAR '<this>: com.example.projectfinanzle.History.HistoryPieChartKt.FirebasePieChart.<no name provided> declared in com.example.projectfinanzle.History.HistoryPieChartKt.FirebasePieChart.<no name provided>.invokeSuspend' type=com.example.projectfinanzle.History.HistoryPieChartKt.FirebasePieChart.<no name provided> origin=null
                  p0: CONST String type=kotlin.String value="wallets"
                p0: BLOCK type=com.example.projectfinanzle.History.HistoryPieChartKt.FirebasePieChart.<no name provided>.invokeSuspend.<no name provided> origin=OBJECT_LITERAL
                  CLASS CLASS name:<no name provided> modality:FINAL visibility:local superTypes:[com.google.firebase.database.ValueEventListener]
                    $this: VALUE_PARAMETER INSTANCE_RECEIVER name:<this> type:com.example.projectfinanzle.History.HistoryPieChartKt.FirebasePieChart.<no name provided>.invokeSuspend.<no name provided>
                    CONSTRUCTOR visibility:public/*package*/ <> ($data:androidx.compose.runtime.MutableState<kotlin.collections.Map<kotlin.String, kotlin.Int>>) returnType:com.example.projectfinanzle.History.HistoryPieChartKt.FirebasePieChart.<no name provided>.invokeSuspend.<no name provided> [primary]
                      VALUE_PARAMETER BOUND_VALUE_PARAMETER name:$data index:0 type:androidx.compose.runtime.MutableState<kotlin.collections.Map<kotlin.String, kotlin.Int>>
                      BLOCK_BODY
                        SET_FIELD 'FIELD FIELD_FOR_CAPTURED_VALUE name:$data type:androidx.compose.runtime.MutableState<kotlin.collections.Map<kotlin.String, kotlin.Int>> visibility:public/*package*/ [final] declared in com.example.projectfinanzle.History.HistoryPieChartKt.FirebasePieChart.<no name provided>.invokeSuspend.<no name provided>' type=kotlin.Unit origin=INITIALIZER_OF_FIELD_FOR_CAPTURED_VALUE
                          receiver: GET_VAR '<this>: com.example.projectfinanzle.History.HistoryPieChartKt.FirebasePieChart.<no name provided>.invokeSuspend.<no name provided> declared in com.example.projectfinanzle.History.HistoryPieChartKt.FirebasePieChart.<no name provided>.invokeSuspend.<no name provided>' type=com.example.projectfinanzle.History.HistoryPieChartKt.FirebasePieChart.<no name provided>.invokeSuspend.<no name provided> origin=null
                          value: GET_VAR '$data: androidx.compose.runtime.MutableState<kotlin.collections.Map<kotlin.String, kotlin.Int>> declared in com.example.projectfinanzle.History.HistoryPieChartKt.FirebasePieChart.<no name provided>.invokeSuspend.<no name provided>.<init>' type=androidx.compose.runtime.MutableState<kotlin.collections.Map<kotlin.String, kotlin.Int>> origin=null
                        DELEGATING_CONSTRUCTOR_CALL 'public constructor <init> () [primary] declared in kotlin.Any'
                        BLOCK type=kotlin.Unit origin=null
                    FUN name:onDataChange visibility:public modality:OPEN <> ($this:com.example.projectfinanzle.History.HistoryPieChartKt.FirebasePieChart.<no name provided>.invokeSuspend.<no name provided>, snapshot:com.google.firebase.database.DataSnapshot) returnType:kotlin.Unit
                      overridden:
                        public abstract fun onDataChange (p0: @[EnhancedNullability] com.google.firebase.database.DataSnapshot): kotlin.Unit declared in com.google.firebase.database.ValueEventListener
                      $this: VALUE_PARAMETER name:<this> type:com.example.projectfinanzle.History.HistoryPieChartKt.FirebasePieChart.<no name provided>.invokeSuspend.<no name provided>
                      VALUE_PARAMETER name:snapshot index:0 type:com.google.firebase.database.DataSnapshot
                      BLOCK_BODY
                        VAR name:newData type:kotlin.collections.MutableMap<kotlin.String, kotlin.Int> [val]
                          CALL 'public final fun mutableMapOf <K, V> (): kotlin.collections.MutableMap<K of kotlin.collections.MapsKt.mutableMapOf, V of kotlin.collections.MapsKt.mutableMapOf> [inline] declared in kotlin.collections.MapsKt' type=kotlin.collections.MutableMap<kotlin.String, kotlin.Int> origin=null
                            <K>: kotlin.String
                            <V>: kotlin.Int
                        CALL 'public final fun forEach <T> (action: kotlin.Function1<T of kotlin.collections.CollectionsKt.forEach, kotlin.Unit>): kotlin.Unit [inline] declared in kotlin.collections.CollectionsKt' type=kotlin.Unit origin=null
                          <T>: @[FlexibleNullability] com.google.firebase.database.DataSnapshot?
                          $receiver: BLOCK type=@[FlexibleMutability] kotlin.collections.MutableIterable<@[FlexibleNullability] com.google.firebase.database.DataSnapshot?> origin=null
                            VAR IR_TEMPORARY_VARIABLE name:tmp0 type:kotlin.Any? [val]
                              CALL 'public open fun getChildren (): @[EnhancedNullability] @[FlexibleMutability] kotlin.collections.MutableIterable<@[FlexibleNullability] com.google.firebase.database.DataSnapshot?> declared in com.google.firebase.database.DataSnapshot' type=@[EnhancedNullability] @[FlexibleMutability] kotlin.collections.MutableIterable<@[FlexibleNullability] com.google.firebase.database.DataSnapshot?> origin=GET_PROPERTY
                                $this: GET_VAR 'snapshot: com.google.firebase.database.DataSnapshot declared in com.example.projectfinanzle.History.HistoryPieChartKt.FirebasePieChart.<no name provided>.invokeSuspend.<no name provided>.onDataChange' type=com.google.firebase.database.DataSnapshot origin=null
                            CALL 'public final fun checkNotNullExpressionValue (value: kotlin.Any?, expression: kotlin.String): kotlin.Unit declared in kotlin.jvm.internal.Intrinsics' type=kotlin.Unit origin=null
                              value: GET_VAR 'val tmp0: kotlin.Any? [val] declared in com.example.projectfinanzle.History.HistoryPieChartKt.FirebasePieChart.<no name provided>.invokeSuspend.<no name provided>.onDataChange' type=kotlin.Any? origin=null
                              expression: CONST String type=kotlin.String value="getChildren(...)"
                            GET_VAR 'val tmp0: kotlin.Any? [val] declared in com.example.projectfinanzle.History.HistoryPieChartKt.FirebasePieChart.<no name provided>.invokeSuspend.<no name provided>.onDataChange' type=kotlin.Any? origin=null
                          action: BLOCK type=kotlin.Function1<@[FlexibleNullability] com.google.firebase.database.DataSnapshot?, kotlin.Unit> origin=LAMBDA
                            COMPOSITE type=kotlin.Unit origin=null
                            FUNCTION_REFERENCE 'private final fun onDataChange$lambda$0 ($newData: kotlin.collections.MutableMap<kotlin.String, kotlin.Int>, walletSnapshot: @[FlexibleNullability] com.google.firebase.database.DataSnapshot?): kotlin.Unit declared in com.example.projectfinanzle.History.HistoryPieChartKt.FirebasePieChart.<no name provided>.invokeSuspend.<no name provided>' type=kotlin.Function1<@[FlexibleNullability] com.google.firebase.database.DataSnapshot?, kotlin.Unit> origin=INLINE_LAMBDA reflectionTarget=null
                              $newData: GET_VAR 'val newData: kotlin.collections.MutableMap<kotlin.String, kotlin.Int> [val] declared in com.example.projectfinanzle.History.HistoryPieChartKt.FirebasePieChart.<no name provided>.invokeSuspend.<no name provided>.onDataChange' type=kotlin.collections.MutableMap<kotlin.String, kotlin.Int> origin=null
                        CALL 'public abstract fun <set-value> (<set-?>: T of androidx.compose.runtime.MutableState): kotlin.Unit declared in androidx.compose.runtime.MutableState' type=kotlin.Unit origin=EQ
                          $this: GET_FIELD 'FIELD FIELD_FOR_CAPTURED_VALUE name:$data type:androidx.compose.runtime.MutableState<kotlin.collections.Map<kotlin.String, kotlin.Int>> visibility:public/*package*/ [final] declared in com.example.projectfinanzle.History.HistoryPieChartKt.FirebasePieChart.<no name provided>.invokeSuspend.<no name provided>' type=androidx.compose.runtime.MutableState<kotlin.collections.Map<kotlin.String, kotlin.Int>> origin=null
                            receiver: GET_VAR '<this>: com.example.projectfinanzle.History.HistoryPieChartKt.FirebasePieChart.<no name provided>.invokeSuspend.<no name provided> declared in com.example.projectfinanzle.History.HistoryPieChartKt.FirebasePieChart.<no name provided>.invokeSuspend.<no name provided>.onDataChange' type=com.example.projectfinanzle.History.HistoryPieChartKt.FirebasePieChart.<no name provided>.invokeSuspend.<no name provided> origin=null
                          <set-?>: GET_VAR 'val newData: kotlin.collections.MutableMap<kotlin.String, kotlin.Int> [val] declared in com.example.projectfinanzle.History.HistoryPieChartKt.FirebasePieChart.<no name provided>.invokeSuspend.<no name provided>.onDataChange' type=kotlin.collections.MutableMap<kotlin.String, kotlin.Int> origin=null
                    FUN name:onCancelled visibility:public modality:OPEN <> ($this:com.example.projectfinanzle.History.HistoryPieChartKt.FirebasePieChart.<no name provided>.invokeSuspend.<no name provided>, error:com.google.firebase.database.DatabaseError) returnType:kotlin.Unit
                      overridden:
                        public abstract fun onCancelled (p0: @[EnhancedNullability] com.google.firebase.database.DatabaseError): kotlin.Unit declared in com.google.firebase.database.ValueEventListener
                      $this: VALUE_PARAMETER name:<this> type:com.example.projectfinanzle.History.HistoryPieChartKt.FirebasePieChart.<no name provided>.invokeSuspend.<no name provided>
                      VALUE_PARAMETER name:error index:0 type:com.google.firebase.database.DatabaseError
                      BLOCK_BODY
                    FUN FAKE_OVERRIDE name:equals visibility:public modality:OPEN <> ($this:kotlin.Any, other:kotlin.Any?) returnType:kotlin.Boolean [fake_override,operator]
                      overridden:
                        public open fun equals (other: kotlin.Any?): kotlin.Boolean [fake_override,operator] declared in com.google.firebase.database.ValueEventListener
                      $this: VALUE_PARAMETER name:<this> type:kotlin.Any
                      VALUE_PARAMETER name:other index:0 type:kotlin.Any?
                    FUN FAKE_OVERRIDE name:hashCode visibility:public modality:OPEN <> ($this:kotlin.Any) returnType:kotlin.Int [fake_override]
                      overridden:
                        public open fun hashCode (): kotlin.Int [fake_override] declared in com.google.firebase.database.ValueEventListener
                      $this: VALUE_PARAMETER name:<this> type:kotlin.Any
                    FUN FAKE_OVERRIDE name:toString visibility:public modality:OPEN <> ($this:kotlin.Any) returnType:kotlin.String [fake_override]
                      overridden:
                        public open fun toString (): kotlin.String [fake_override] declared in com.google.firebase.database.ValueEventListener
                      $this: VALUE_PARAMETER name:<this> type:kotlin.Any
                    FIELD FIELD_FOR_CAPTURED_VALUE name:$data type:androidx.compose.runtime.MutableState<kotlin.collections.Map<kotlin.String, kotlin.Int>> visibility:public/*package*/ [final]
                    FUN INLINE_LAMBDA name:onDataChange$lambda$0 visibility:private modality:FINAL <> ($newData:kotlin.collections.MutableMap<kotlin.String, kotlin.Int>, walletSnapshot:@[FlexibleNullability] com.google.firebase.database.DataSnapshot?) returnType:kotlin.Unit
                      VALUE_PARAMETER BOUND_VALUE_PARAMETER name:$newData index:0 type:kotlin.collections.MutableMap<kotlin.String, kotlin.Int>
                      VALUE_PARAMETER name:walletSnapshot index:1 type:@[FlexibleNullability] com.google.firebase.database.DataSnapshot?
                      BLOCK_BODY
                        VAR name:$i$a$-forEach-HistoryPieChartKt$FirebasePieChart$1$1$onDataChange$1 type:kotlin.Int [val]
                          CONST Int type=kotlin.Int value=0
                        VAR name:balance type:kotlin.Int [val]
                          BLOCK type=kotlin.Int origin=FOLDED_ELVIS
                            WHEN type=kotlin.Int origin=FOLDED_ELVIS
                              BRANCH
                                if: CALL 'public final fun ANDAND (arg0: kotlin.Boolean, arg1: kotlin.Boolean): kotlin.Boolean declared in kotlin.internal.ir' type=kotlin.Boolean origin=null
                                  arg0: COMPOSITE type=kotlin.Boolean origin=null
                                    VAR IR_TEMPORARY_VARIABLE name:tmp0_safe_receiver type:@[EnhancedNullability] kotlin.Double? [val]
                                      CALL 'public open fun getValue <T> (p0: @[EnhancedNullability] java.lang.Class<@[FlexibleNullability] T of com.google.firebase.database.DataSnapshot.getValue?>): @[EnhancedNullability] T of com.google.firebase.database.DataSnapshot.getValue? declared in com.google.firebase.database.DataSnapshot' type=@[EnhancedNullability] kotlin.Double? origin=null
                                        <T>: @[FlexibleNullability] kotlin.Double?
                                        $this: CALL 'public open fun child (p0: @[EnhancedNullability] kotlin.String): @[EnhancedNullability] com.google.firebase.database.DataSnapshot declared in com.google.firebase.database.DataSnapshot' type=@[EnhancedNullability] com.google.firebase.database.DataSnapshot origin=null
                                          $this: GET_VAR 'walletSnapshot: @[FlexibleNullability] com.google.firebase.database.DataSnapshot? declared in com.example.projectfinanzle.History.HistoryPieChartKt.FirebasePieChart.<no name provided>.invokeSuspend.<no name provided>.onDataChange$lambda$0' type=@[FlexibleNullability] com.google.firebase.database.DataSnapshot? origin=null
                                          p0: CONST String type=kotlin.String value="balance"
                                        p0: CALL 'public final fun <get-java> <T> (): java.lang.Class<T of kotlin.jvm.JvmClassMappingKt.<get-java>> declared in kotlin.jvm.JvmClassMappingKt' type=java.lang.Class<kotlin.Double> origin=GET_PROPERTY
                                          <T>: kotlin.Double
                                          $receiver: CLASS_REFERENCE 'CLASS IR_EXTERNAL_DECLARATION_STUB CLASS name:Double modality:FINAL visibility:public superTypes:[kotlin.Number; kotlin.Comparable<kotlin.Double>; java.io.Serializable]' type=kotlin.reflect.KClass<kotlin.Double>
                                    CALL 'public final fun not (): kotlin.Boolean [operator] declared in kotlin.Boolean' type=kotlin.Boolean origin=null
                                      $this: CALL 'public final fun EQEQ (arg0: kotlin.Any?, arg1: kotlin.Any?): kotlin.Boolean declared in kotlin.internal.ir' type=kotlin.Boolean origin=null
                                        arg0: GET_VAR 'val tmp0_safe_receiver: @[EnhancedNullability] kotlin.Double? [val] declared in com.example.projectfinanzle.History.HistoryPieChartKt.FirebasePieChart.<no name provided>.invokeSuspend.<no name provided>.onDataChange$lambda$0' type=@[EnhancedNullability] kotlin.Double? origin=null
                                        arg1: CONST Null type=kotlin.Nothing? value=null
                                  arg1: COMPOSITE type=kotlin.Boolean origin=null
                                    VAR IR_TEMPORARY_VARIABLE name:tmp1_elvis_lhs type:kotlin.Int [val]
                                      CALL 'public open fun toInt (): kotlin.Int declared in kotlin.Double' type=kotlin.Int origin=null
                                        $this: GET_VAR 'val tmp0_safe_receiver: @[EnhancedNullability] kotlin.Double? [val] declared in com.example.projectfinanzle.History.HistoryPieChartKt.FirebasePieChart.<no name provided>.invokeSuspend.<no name provided>.onDataChange$lambda$0' type=@[EnhancedNullability] kotlin.Double? origin=null
                                    CALL 'public final fun not (): kotlin.Boolean [operator] declared in kotlin.Boolean' type=kotlin.Boolean origin=null
                                      $this: CALL 'public final fun EQEQ (arg0: kotlin.Any?, arg1: kotlin.Any?): kotlin.Boolean declared in kotlin.internal.ir' type=kotlin.Boolean origin=null
                                        arg0: GET_VAR 'val tmp1_elvis_lhs: kotlin.Int [val] declared in com.example.projectfinanzle.History.HistoryPieChartKt.FirebasePieChart.<no name provided>.invokeSuspend.<no name provided>.onDataChange$lambda$0' type=kotlin.Int origin=null
                                        arg1: CONST Null type=kotlin.Nothing? value=null
                                then: GET_VAR 'val tmp1_elvis_lhs: kotlin.Int [val] declared in com.example.projectfinanzle.History.HistoryPieChartKt.FirebasePieChart.<no name provided>.invokeSuspend.<no name provided>.onDataChange$lambda$0' type=kotlin.Int origin=null
                              BRANCH
                                if: CONST Boolean type=kotlin.Boolean value=true
                                then: CONST Int type=kotlin.Int value=0
                        VAR name:tag type:kotlin.String [val]
                          BLOCK type=kotlin.String origin=FOLDED_ELVIS
                            WHEN type=kotlin.String origin=FOLDED_ELVIS
                              BRANCH
                                if: COMPOSITE type=kotlin.Boolean origin=null
                                  VAR IR_TEMPORARY_VARIABLE name:tmp2_elvis_lhs type:@[EnhancedNullability] kotlin.String? [val]
                                    CALL 'public open fun getValue <T> (p0: @[EnhancedNullability] java.lang.Class<@[FlexibleNullability] T of com.google.firebase.database.DataSnapshot.getValue?>): @[EnhancedNullability] T of com.google.firebase.database.DataSnapshot.getValue? declared in com.google.firebase.database.DataSnapshot' type=@[EnhancedNullability] kotlin.String? origin=null
                                      <T>: @[FlexibleNullability] kotlin.String?
                                      $this: CALL 'public open fun child (p0: @[EnhancedNullability] kotlin.String): @[EnhancedNullability] com.google.firebase.database.DataSnapshot declared in com.google.firebase.database.DataSnapshot' type=@[EnhancedNullability] com.google.firebase.database.DataSnapshot origin=null
                                        $this: GET_VAR 'walletSnapshot: @[FlexibleNullability] com.google.firebase.database.DataSnapshot? declared in com.example.projectfinanzle.History.HistoryPieChartKt.FirebasePieChart.<no name provided>.invokeSuspend.<no name provided>.onDataChange$lambda$0' type=@[FlexibleNullability] com.google.firebase.database.DataSnapshot? origin=null
                                        p0: CONST String type=kotlin.String value="tag"
                                      p0: CALL 'public final fun <get-java> <T> (): java.lang.Class<T of kotlin.jvm.JvmClassMappingKt.<get-java>> declared in kotlin.jvm.JvmClassMappingKt' type=java.lang.Class<kotlin.String> origin=GET_PROPERTY
                                        <T>: kotlin.String
                                        $receiver: CLASS_REFERENCE 'CLASS IR_EXTERNAL_DECLARATION_STUB CLASS name:String modality:FINAL visibility:public superTypes:[kotlin.Comparable<kotlin.String>; kotlin.CharSequence; java.io.Serializable]' type=kotlin.reflect.KClass<kotlin.String>
                                  CALL 'public final fun not (): kotlin.Boolean [operator] declared in kotlin.Boolean' type=kotlin.Boolean origin=null
                                    $this: CALL 'public final fun EQEQ (arg0: kotlin.Any?, arg1: kotlin.Any?): kotlin.Boolean declared in kotlin.internal.ir' type=kotlin.Boolean origin=null
                                      arg0: GET_VAR 'val tmp2_elvis_lhs: @[EnhancedNullability] kotlin.String? [val] declared in com.example.projectfinanzle.History.HistoryPieChartKt.FirebasePieChart.<no name provided>.invokeSuspend.<no name provided>.onDataChange$lambda$0' type=@[EnhancedNullability] kotlin.String? origin=null
                                      arg1: CONST Null type=kotlin.Nothing? value=null
                                then: GET_VAR 'val tmp2_elvis_lhs: @[EnhancedNullability] kotlin.String? [val] declared in com.example.projectfinanzle.History.HistoryPieChartKt.FirebasePieChart.<no name provided>.invokeSuspend.<no name provided>.onDataChange$lambda$0' type=@[EnhancedNullability] kotlin.String? origin=null
                              BRANCH
                                if: CONST Boolean type=kotlin.Boolean value=true
                                then: CONST String type=kotlin.String value="Unknown"
                        CALL 'public final fun set <K, V> (key: K of kotlin.collections.MapsKt.set, value: V of kotlin.collections.MapsKt.set): kotlin.Unit [inline,operator] declared in kotlin.collections.MapsKt' type=kotlin.Unit origin=EQ
                          <K>: kotlin.String
                          <V>: kotlin.Int
                          $receiver: GET_VAR '$newData: kotlin.collections.MutableMap<kotlin.String, kotlin.Int> declared in com.example.projectfinanzle.History.HistoryPieChartKt.FirebasePieChart.<no name provided>.invokeSuspend.<no name provided>.onDataChange$lambda$0' type=kotlin.collections.MutableMap<kotlin.String, kotlin.Int> origin=null
                          key: GET_VAR 'val tag: kotlin.String [val] declared in com.example.projectfinanzle.History.HistoryPieChartKt.FirebasePieChart.<no name provided>.invokeSuspend.<no name provided>.onDataChange$lambda$0' type=kotlin.String origin=null
                          value: CALL 'public final fun plus (other: kotlin.Int): kotlin.Int [operator] declared in kotlin.Int' type=kotlin.Int origin=PLUS
                            $this: CALL 'public open fun getOrDefault (key: K of kotlin.collections.MutableMap, defaultValue: V of kotlin.collections.MutableMap): V of kotlin.collections.MutableMap [fake_override] declared in kotlin.collections.MutableMap' type=kotlin.Int origin=null
                              $this: GET_VAR '$newData: kotlin.collections.MutableMap<kotlin.String, kotlin.Int> declared in com.example.projectfinanzle.History.HistoryPieChartKt.FirebasePieChart.<no name provided>.invokeSuspend.<no name provided>.onDataChange$lambda$0' type=kotlin.collections.MutableMap<kotlin.String, kotlin.Int> origin=null
                              key: GET_VAR 'val tag: kotlin.String [val] declared in com.example.projectfinanzle.History.HistoryPieChartKt.FirebasePieChart.<no name provided>.invokeSuspend.<no name provided>.onDataChange$lambda$0' type=kotlin.String origin=null
                              defaultValue: CONST Int type=kotlin.Int value=0
                            other: GET_VAR 'val balance: kotlin.Int [val] declared in com.example.projectfinanzle.History.HistoryPieChartKt.FirebasePieChart.<no name provided>.invokeSuspend.<no name provided>.onDataChange$lambda$0' type=kotlin.Int origin=null
                  BLOCK type=com.example.projectfinanzle.History.HistoryPieChartKt.FirebasePieChart.<no name provided>.invokeSuspend.<no name provided> origin=null
                    CONSTRUCTOR_CALL 'public/*package*/ constructor <init> ($data: androidx.compose.runtime.MutableState<kotlin.collections.Map<kotlin.String, kotlin.Int>>) [primary] declared in com.example.projectfinanzle.History.HistoryPieChartKt.FirebasePieChart.<no name provided>.invokeSuspend.<no name provided>' type=com.example.projectfinanzle.History.HistoryPieChartKt.FirebasePieChart.<no name provided>.invokeSuspend.<no name provided> origin=OBJECT_LITERAL
                      $data: GET_FIELD 'FIELD FIELD_FOR_CAPTURED_VALUE name:$data type:androidx.compose.runtime.MutableState<kotlin.collections.Map<kotlin.String, kotlin.Int>> visibility:public/*package*/ [final] declared in com.example.projectfinanzle.History.HistoryPieChartKt.FirebasePieChart.<no name provided>' type=androidx.compose.runtime.MutableState<kotlin.collections.Map<kotlin.String, kotlin.Int>> origin=null
                        receiver: GET_VAR '<this>: com.example.projectfinanzle.History.HistoryPieChartKt.FirebasePieChart.<no name provided> declared in com.example.projectfinanzle.History.HistoryPieChartKt.FirebasePieChart.<no name provided>.invokeSuspend' type=com.example.projectfinanzle.History.HistoryPieChartKt.FirebasePieChart.<no name provided> origin=null
          FUN name:create visibility:public modality:FINAL <> ($this:com.example.projectfinanzle.History.HistoryPieChartKt.FirebasePieChart.<no name provided>, value:kotlin.Any?, $completion:kotlin.coroutines.Continuation<kotlin.Nothing>) returnType:kotlin.coroutines.Continuation<kotlin.Unit>
            overridden:
              public open fun create (value: kotlin.Any?, $completion: kotlin.coroutines.Continuation<kotlin.Nothing>): kotlin.coroutines.Continuation<kotlin.Unit> declared in kotlin.coroutines.jvm.internal.SuspendLambda
            $this: VALUE_PARAMETER INSTANCE_RECEIVER name:<this> type:com.example.projectfinanzle.History.HistoryPieChartKt.FirebasePieChart.<no name provided>
            VALUE_PARAMETER name:value index:0 type:kotlin.Any?
            VALUE_PARAMETER name:$completion index:1 type:kotlin.coroutines.Continuation<kotlin.Nothing>
            BLOCK_BODY
              RETURN type=kotlin.Nothing from='public final fun create (value: kotlin.Any?, $completion: kotlin.coroutines.Continuation<kotlin.Nothing>): kotlin.coroutines.Continuation<kotlin.Unit> declared in com.example.projectfinanzle.History.HistoryPieChartKt.FirebasePieChart.<no name provided>'
                CONSTRUCTOR_CALL 'public/*package*/ constructor <init> ($database: com.google.firebase.database.DatabaseReference, $userId: kotlin.String, $data: androidx.compose.runtime.MutableState<kotlin.collections.Map<kotlin.String, kotlin.Int>>, $completion: kotlin.coroutines.Continuation<com.example.projectfinanzle.History.HistoryPieChartKt.FirebasePieChart.<no name provided>>?) [primary] declared in com.example.projectfinanzle.History.HistoryPieChartKt.FirebasePieChart.<no name provided>' type=com.example.projectfinanzle.History.HistoryPieChartKt.FirebasePieChart.<no name provided> origin=null
                  $database: GET_FIELD 'FIELD FIELD_FOR_CAPTURED_VALUE name:$database type:com.google.firebase.database.DatabaseReference visibility:public/*package*/ [final] declared in com.example.projectfinanzle.History.HistoryPieChartKt.FirebasePieChart.<no name provided>' type=com.google.firebase.database.DatabaseReference origin=null
                    receiver: GET_VAR '<this>: com.example.projectfinanzle.History.HistoryPieChartKt.FirebasePieChart.<no name provided> declared in com.example.projectfinanzle.History.HistoryPieChartKt.FirebasePieChart.<no name provided>.create' type=com.example.projectfinanzle.History.HistoryPieChartKt.FirebasePieChart.<no name provided> origin=null
                  $userId: GET_FIELD 'FIELD FIELD_FOR_CAPTURED_VALUE name:$userId type:kotlin.String visibility:public/*package*/ [final] declared in com.example.projectfinanzle.History.HistoryPieChartKt.FirebasePieChart.<no name provided>' type=kotlin.String origin=null
                    receiver: GET_VAR '<this>: com.example.projectfinanzle.History.HistoryPieChartKt.FirebasePieChart.<no name provided> declared in com.example.projectfinanzle.History.HistoryPieChartKt.FirebasePieChart.<no name provided>.create' type=com.example.projectfinanzle.History.HistoryPieChartKt.FirebasePieChart.<no name provided> origin=null
                  $data: GET_FIELD 'FIELD FIELD_FOR_CAPTURED_VALUE name:$data type:androidx.compose.runtime.MutableState<kotlin.collections.Map<kotlin.String, kotlin.Int>> visibility:public/*package*/ [final] declared in com.example.projectfinanzle.History.HistoryPieChartKt.FirebasePieChart.<no name provided>' type=androidx.compose.runtime.MutableState<kotlin.collections.Map<kotlin.String, kotlin.Int>> origin=null
                    receiver: GET_VAR '<this>: com.example.projectfinanzle.History.HistoryPieChartKt.FirebasePieChart.<no name provided> declared in com.example.projectfinanzle.History.HistoryPieChartKt.FirebasePieChart.<no name provided>.create' type=com.example.projectfinanzle.History.HistoryPieChartKt.FirebasePieChart.<no name provided> origin=null
                  $completion: GET_VAR '$completion: kotlin.coroutines.Continuation<kotlin.Nothing> declared in com.example.projectfinanzle.History.HistoryPieChartKt.FirebasePieChart.<no name provided>.create' type=kotlin.coroutines.Continuation<kotlin.Nothing> origin=null
          FUN name:invoke visibility:public modality:FINAL <> ($this:com.example.projectfinanzle.History.HistoryPieChartKt.FirebasePieChart.<no name provided>, p1:kotlinx.coroutines.CoroutineScope, p2:kotlin.coroutines.Continuation<kotlin.Unit>?) returnType:kotlin.Any?
            overridden:
              public abstract fun invoke (p1: P1 of kotlin.jvm.functions.Function2, p2: P2 of kotlin.jvm.functions.Function2): R of kotlin.jvm.functions.Function2 declared in kotlin.jvm.functions.Function2
            $this: VALUE_PARAMETER INSTANCE_RECEIVER name:<this> type:com.example.projectfinanzle.History.HistoryPieChartKt.FirebasePieChart.<no name provided>
            VALUE_PARAMETER name:p1 index:0 type:kotlinx.coroutines.CoroutineScope
            VALUE_PARAMETER name:p2 index:1 type:kotlin.coroutines.Continuation<kotlin.Unit>?
            BLOCK_BODY
              RETURN type=kotlin.Nothing from='public final fun invoke (p1: kotlinx.coroutines.CoroutineScope, p2: kotlin.coroutines.Continuation<kotlin.Unit>?): kotlin.Any? declared in com.example.projectfinanzle.History.HistoryPieChartKt.FirebasePieChart.<no name provided>'
                CALL 'public final fun invokeSuspend ($result: kotlin.Result<kotlin.Any?>): kotlin.Any? declared in com.example.projectfinanzle.History.HistoryPieChartKt.FirebasePieChart.<no name provided>' type=kotlin.Any? origin=null
                  $this: TYPE_OP type=com.example.projectfinanzle.History.HistoryPieChartKt.FirebasePieChart.<no name provided> origin=IMPLICIT_CAST typeOperand=com.example.projectfinanzle.History.HistoryPieChartKt.FirebasePieChart.<no name provided>
                    CALL 'public final fun create (value: kotlin.Any?, $completion: kotlin.coroutines.Continuation<kotlin.Nothing>): kotlin.coroutines.Continuation<kotlin.Unit> declared in com.example.projectfinanzle.History.HistoryPieChartKt.FirebasePieChart.<no name provided>' type=kotlin.coroutines.Continuation<kotlin.Unit> origin=null
                      $this: GET_VAR '<this>: com.example.projectfinanzle.History.HistoryPieChartKt.FirebasePieChart.<no name provided> declared in com.example.projectfinanzle.History.HistoryPieChartKt.FirebasePieChart.<no name provided>.invoke' type=com.example.projectfinanzle.History.HistoryPieChartKt.FirebasePieChart.<no name provided> origin=null
                      value: GET_VAR 'p1: kotlinx.coroutines.CoroutineScope declared in com.example.projectfinanzle.History.HistoryPieChartKt.FirebasePieChart.<no name provided>.invoke' type=kotlinx.coroutines.CoroutineScope origin=null
                      $completion: GET_VAR 'p2: kotlin.coroutines.Continuation<kotlin.Unit>? declared in com.example.projectfinanzle.History.HistoryPieChartKt.FirebasePieChart.<no name provided>.invoke' type=kotlin.coroutines.Continuation<kotlin.Unit>? origin=null
                  $result: CALL 'public final fun <unsafe-coerce> <T, R> (v: T of kotlin.jvm.internal.<unsafe-coerce>): R of kotlin.jvm.internal.<unsafe-coerce> declared in kotlin.jvm.internal' type=kotlin.Result<kotlin.Any?> origin=null
                    <T>: kotlin.Any?
                    <R>: kotlin.Result<kotlin.Any?>
                    v: GET_FIELD 'FIELD FIELD_FOR_OBJECT_INSTANCE name:INSTANCE type:kotlin.Unit visibility:public [final,static] declared in kotlin.Unit' type=kotlin.Unit origin=null
          FIELD FIELD_FOR_CAPTURED_VALUE name:$database type:com.google.firebase.database.DatabaseReference visibility:public/*package*/ [final]
          FIELD FIELD_FOR_CAPTURED_VALUE name:$userId type:kotlin.String visibility:public/*package*/ [final]
          FIELD FIELD_FOR_CAPTURED_VALUE name:$data type:androidx.compose.runtime.MutableState<kotlin.collections.Map<kotlin.String, kotlin.Int>> visibility:public/*package*/ [final]
          FUN BRIDGE name:invoke visibility:public modality:OPEN <> ($this:com.example.projectfinanzle.History.HistoryPieChartKt.FirebasePieChart.<no name provided>, p1:kotlin.Any?, p2:kotlin.Any?) returnType:kotlin.Any?
            $this: VALUE_PARAMETER INSTANCE_RECEIVER name:<this> type:com.example.projectfinanzle.History.HistoryPieChartKt.FirebasePieChart.<no name provided>
            VALUE_PARAMETER BRIDGE name:p1 index:0 type:kotlin.Any?
            VALUE_PARAMETER BRIDGE name:p2 index:1 type:kotlin.Any?
            EXPRESSION_BODY
              RETURN type=kotlin.Nothing from='public open fun invoke (p1: kotlin.Any?, p2: kotlin.Any?): kotlin.Any? declared in com.example.projectfinanzle.History.HistoryPieChartKt.FirebasePieChart.<no name provided>'
                CALL 'public final fun invoke (p1: kotlinx.coroutines.CoroutineScope, p2: kotlin.coroutines.Continuation<kotlin.Unit>?): kotlin.Any? declared in com.example.projectfinanzle.History.HistoryPieChartKt.FirebasePieChart.<no name provided>' type=kotlin.Any? origin=BRIDGE_DELEGATION
                  $this: GET_VAR '<this>: com.example.projectfinanzle.History.HistoryPieChartKt.FirebasePieChart.<no name provided> declared in com.example.projectfinanzle.History.HistoryPieChartKt.FirebasePieChart.<no name provided>.invoke' type=com.example.projectfinanzle.History.HistoryPieChartKt.FirebasePieChart.<no name provided> origin=null
                  p1: TYPE_OP type=kotlinx.coroutines.CoroutineScope origin=IMPLICIT_CAST typeOperand=kotlinx.coroutines.CoroutineScope
                    GET_VAR 'p1: kotlin.Any? declared in com.example.projectfinanzle.History.HistoryPieChartKt.FirebasePieChart.<no name provided>.invoke' type=kotlin.Any? origin=null
                  p2: TYPE_OP type=kotlin.coroutines.Continuation<*> origin=IMPLICIT_CAST typeOperand=kotlin.coroutines.Continuation<*>
                    GET_VAR 'p2: kotlin.Any? declared in com.example.projectfinanzle.History.HistoryPieChartKt.FirebasePieChart.<no name provided>.invoke' type=kotlin.Any? origin=null
        CONSTRUCTOR_CALL 'public/*package*/ constructor <init> ($database: com.google.firebase.database.DatabaseReference, $userId: kotlin.String, $data: androidx.compose.runtime.MutableState<kotlin.collections.Map<kotlin.String, kotlin.Int>>, $completion: kotlin.coroutines.Continuation<com.example.projectfinanzle.History.HistoryPieChartKt.FirebasePieChart.<no name provided>>?) [primary] declared in com.example.projectfinanzle.History.HistoryPieChartKt.FirebasePieChart.<no name provided>' type=com.example.projectfinanzle.History.HistoryPieChartKt.FirebasePieChart.<no name provided> origin=null
          $database: GET_VAR 'val database: com.google.firebase.database.DatabaseReference [val] declared in com.example.projectfinanzle.History.HistoryPieChartKt.FirebasePieChart' type=com.google.firebase.database.DatabaseReference origin=null
          $userId: GET_VAR 'val userId: kotlin.String [val] declared in com.example.projectfinanzle.History.HistoryPieChartKt.FirebasePieChart' type=kotlin.String origin=null
          $data: GET_VAR 'val data: androidx.compose.runtime.MutableState<kotlin.collections.Map<kotlin.String, kotlin.Int>> [val] declared in com.example.projectfinanzle.History.HistoryPieChartKt.FirebasePieChart' type=androidx.compose.runtime.MutableState<kotlin.collections.Map<kotlin.String, kotlin.Int>> origin=null
          $completion: CONST Null type=kotlin.Nothing? value=null
    CALL 'public final fun PieChart-ghNngFA$default (data: kotlin.collections.Map<kotlin.String, kotlin.Int>, radiusOuter: androidx.compose.ui.unit.Dp, chartBarWidth: androidx.compose.ui.unit.Dp, animDuration: kotlin.Int, $mask0: kotlin.Int, $handler: kotlin.Any?): kotlin.Unit declared in com.example.projectfinanzle.History.HistoryPieChartKt' type=kotlin.Unit origin=DEFAULT_DISPATCH_CALL
      data: CALL 'public abstract fun <get-value> (): T of androidx.compose.runtime.MutableState declared in androidx.compose.runtime.MutableState' type=kotlin.collections.Map<kotlin.String, kotlin.Int> origin=GET_PROPERTY
        $this: GET_VAR 'val data: androidx.compose.runtime.MutableState<kotlin.collections.Map<kotlin.String, kotlin.Int>> [val] declared in com.example.projectfinanzle.History.HistoryPieChartKt.FirebasePieChart' type=androidx.compose.runtime.MutableState<kotlin.collections.Map<kotlin.String, kotlin.Int>> origin=null
      radiusOuter: COMPOSITE type=androidx.compose.ui.unit.Dp origin=DEFAULT_VALUE
        CALL 'public final fun <unsafe-coerce> <T, R> (v: T of kotlin.jvm.internal.<unsafe-coerce>): R of kotlin.jvm.internal.<unsafe-coerce> declared in kotlin.jvm.internal' type=androidx.compose.ui.unit.Dp origin=null
          <T>: kotlin.Float
          <R>: androidx.compose.ui.unit.Dp
          v: CONST Float type=kotlin.Float value=0.0
      chartBarWidth: COMPOSITE type=androidx.compose.ui.unit.Dp origin=DEFAULT_VALUE
        CALL 'public final fun <unsafe-coerce> <T, R> (v: T of kotlin.jvm.internal.<unsafe-coerce>): R of kotlin.jvm.internal.<unsafe-coerce> declared in kotlin.jvm.internal' type=androidx.compose.ui.unit.Dp origin=null
          <T>: kotlin.Float
          <R>: androidx.compose.ui.unit.Dp
          v: CONST Float type=kotlin.Float value=0.0
      animDuration: COMPOSITE type=kotlin.Int origin=DEFAULT_VALUE
        CONST Int type=kotlin.Int value=0
      $mask0: CONST Int type=kotlin.Int value=14
      $handler: CONST Null type=kotlin.Any? value=null

	at org.jetbrains.kotlin.backend.jvm.codegen.FunctionCodegen.generate(FunctionCodegen.kt:48)
	at org.jetbrains.kotlin.backend.jvm.codegen.FunctionCodegen.generate$default(FunctionCodegen.kt:41)
	at org.jetbrains.kotlin.backend.jvm.codegen.ClassCodegen.generateMethodNode(ClassCodegen.kt:407)
	at org.jetbrains.kotlin.backend.jvm.codegen.ClassCodegen.generateMethod(ClassCodegen.kt:424)
	at org.jetbrains.kotlin.backend.jvm.codegen.ClassCodegen.generate(ClassCodegen.kt:169)
	at org.jetbrains.kotlin.backend.jvm.FileCodegen.lower(JvmPhases.kt:39)
	at org.jetbrains.kotlin.backend.common.phaser.PhaseFactoriesKt.createFilePhase$lambda$4(PhaseFactories.kt:71)
	at org.jetbrains.kotlin.backend.common.phaser.PhaseBuildersKt$createSimpleNamedCompilerPhase$1.phaseBody(PhaseBuilders.kt:69)
	at org.jetbrains.kotlin.backend.common.phaser.SimpleNamedCompilerPhase.phaseBody(CompilerPhase.kt:226)
	at org.jetbrains.kotlin.backend.common.phaser.AbstractNamedCompilerPhase.invoke(CompilerPhase.kt:113)
	at org.jetbrains.kotlin.backend.common.phaser.PerformByIrFilePhase.invokeSequential(performByIrFile.kt:52)
	... 45 more
Caused by: org.jetbrains.kotlin.codegen.CompilationException: Back-end (JVM) Internal error: Couldn't inline method call: CALL 'public final fun remember <T> (calculation: @[DisallowComposableCalls] kotlin.Function0<T of androidx.compose.runtime.ComposablesKt.remember>): T of androidx.compose.runtime.ComposablesKt.remember [inline] declared in androidx.compose.runtime.ComposablesKt' type=androidx.compose.runtime.MutableState<kotlin.collections.Map<kotlin.String, kotlin.Int>> origin=null
Method: null
File is unknown
The root cause java.lang.IllegalStateException was thrown at: org.jetbrains.kotlin.codegen.inline.SourceCompilerForInlineKt.getMethodNode(SourceCompilerForInline.kt:118)
	at org.jetbrains.kotlin.codegen.inline.InlineCodegen.performInline(InlineCodegen.kt:65)
	at org.jetbrains.kotlin.backend.jvm.codegen.IrInlineCodegen.genInlineCall(IrInlineCodegen.kt:163)
	at org.jetbrains.kotlin.backend.jvm.codegen.IrInlineCallGenerator.genCall(IrInlineCallGenerator.kt:36)
	at org.jetbrains.kotlin.backend.jvm.codegen.ExpressionCodegen.visitCall(ExpressionCodegen.kt:598)
	at org.jetbrains.kotlin.backend.jvm.codegen.ExpressionCodegen.visitCall(ExpressionCodegen.kt:134)
	at org.jetbrains.kotlin.ir.expressions.IrCall.accept(IrCall.kt:24)
	at org.jetbrains.kotlin.backend.jvm.codegen.ExpressionCodegen.visitVariable(ExpressionCodegen.kt:735)
	at org.jetbrains.kotlin.backend.jvm.codegen.ExpressionCodegen.visitVariable(ExpressionCodegen.kt:134)
	at org.jetbrains.kotlin.ir.declarations.IrVariable.accept(IrVariable.kt:36)
	at org.jetbrains.kotlin.backend.jvm.codegen.ExpressionCodegen.visitStatementContainer(ExpressionCodegen.kt:524)
	at org.jetbrains.kotlin.backend.jvm.codegen.ExpressionCodegen.visitBlockBody(ExpressionCodegen.kt:529)
	at org.jetbrains.kotlin.backend.jvm.codegen.ExpressionCodegen.visitBlockBody(ExpressionCodegen.kt:134)
	at org.jetbrains.kotlin.ir.expressions.IrBlockBody.accept(IrBlockBody.kt:20)
	at org.jetbrains.kotlin.backend.jvm.codegen.ExpressionCodegen.generate(ExpressionCodegen.kt:236)
	at org.jetbrains.kotlin.backend.jvm.codegen.FunctionCodegen.doGenerate(FunctionCodegen.kt:124)
	at org.jetbrains.kotlin.backend.jvm.codegen.FunctionCodegen.generate(FunctionCodegen.kt:45)
	... 55 more
Caused by: java.lang.IllegalStateException: couldn't find inline method Landroidx/compose/runtime/ComposablesKt;.remember(Lkotlin/jvm/functions/Function0;)Ljava/lang/Object;
	at org.jetbrains.kotlin.codegen.inline.SourceCompilerForInlineKt.getMethodNode(SourceCompilerForInline.kt:118)
	at org.jetbrains.kotlin.codegen.inline.SourceCompilerForInlineKt.loadCompiledInlineFunction(SourceCompilerForInline.kt:96)
	at org.jetbrains.kotlin.backend.jvm.codegen.IrSourceCompilerForInline.compileInlineFunction(IrSourceCompilerForInline.kt:91)
	at org.jetbrains.kotlin.codegen.inline.InlineCodegen.compileInline(InlineCodegen.kt:43)
	at org.jetbrains.kotlin.codegen.inline.InlineCodegen.performInline(InlineCodegen.kt:51)
	... 70 more


